
2017/10/23 00:37:06 [error] 5#5: *1 open() "/usr/share/nginx/html/favicon.ico" failed (2: No such file or directory), client: 172.25.0.1, server: localhost, request: "GET /favicon.ico HTTP/1.1", host: "localhost:8002", referrer: "http://localhost:8002/"
2017/10/23 00:42:56 [emerg] 1#1: "upstream" directive is not allowed here in /etc/nginx/nginx.conf:2
2017/10/23 00:47:07 [emerg] 1#1: "upstream" directive is not allowed here in /etc/nginx/nginx.conf:1
2017/10/23 00:51:34 [emerg] 1#1: no "events" section in configuration
2017/10/23 00:53:13 [error] 5#5: *1 open() "/server/http/web404" failed (2: No such file or directory), client: 172.25.0.1, server: , request: "GET / HTTP/1.1", host: "localhost:8002"
2017/10/23 00:53:24 [error] 5#5: *1 open() "/server/http/web404" failed (2: No such file or directory), client: 172.25.0.1, server: , request: "GET /index.php HTTP/1.1", host: "localhost:8002"
2017/10/23 00:53:33 [error] 5#5: *1 open() "/server/http/web404" failed (2: No such file or directory), client: 172.25.0.1, server: , request: "GET / HTTP/1.1", host: "localhost:8002"
2017/10/23 00:55:06 [crit] 5#5: *1 connect() to unix:/run/php/php7.1-fpm-alpine3.4.sock failed (2: No such file or directory) while connecting to upstream, client: 172.25.0.1, server: , request: "GET / HTTP/1.1", upstream: "fastcgi://unix:/run/php/php7.1-fpm-alpine3.4.sock:", host: "localhost:8002"
2017/10/23 01:10:06 [emerg] 1#1: "server" directive is not allowed here in /etc/nginx/nginx.conf:1
2017/10/23 09:46:36 [emerg] 1#1: host not found in upstream "fpm" in /etc/nginx/nginx.conf:51
2017/10/23 09:46:55 [emerg] 1#1: host not found in upstream "fpm" in /etc/nginx/nginx.conf:51
2017/10/23 09:47:18 [emerg] 1#1: host not found in upstream "fpm" in /etc/nginx/nginx.conf:51
2017/10/23 09:47:41 [emerg] 1#1: host not found in upstream "fpm" in /etc/nginx/nginx.conf:51
2017/10/23 09:48:03 [emerg] 1#1: host not found in upstream "fpm" in /etc/nginx/nginx.conf:51
2017/10/23 09:48:34 [emerg] 1#1: host not found in upstream "fpm" in /etc/nginx/nginx.conf:51
2017/10/23 09:48:56 [emerg] 1#1: host not found in upstream "fpm" in /etc/nginx/nginx.conf:51
2017/10/23 09:49:16 [emerg] 1#1: host not found in upstream "fpm" in /etc/nginx/nginx.conf:51
2017/10/23 09:49:44 [emerg] 1#1: host not found in upstream "fpm" in /etc/nginx/nginx.conf:51
2017/10/23 09:50:23 [emerg] 1#1: host not found in upstream "fpm" in /etc/nginx/nginx.conf:51
2017/10/23 09:51:24 [emerg] 1#1: host not found in upstream "fpm" in /etc/nginx/nginx.conf:51
2017/10/23 09:52:35 [emerg] 1#1: host not found in upstream "fpm" in /etc/nginx/nginx.conf:51
2017/10/23 09:53:45 [emerg] 1#1: host not found in upstream "fpm" in /etc/nginx/nginx.conf:51
2017/10/23 09:54:54 [emerg] 1#1: host not found in upstream "fpm" in /etc/nginx/nginx.conf:51
2017/10/23 09:55:59 [emerg] 1#1: host not found in upstream "fpm" in /etc/nginx/nginx.conf:51
2017/10/23 09:57:03 [emerg] 1#1: host not found in upstream "fpm" in /etc/nginx/nginx.conf:51
2017/10/23 09:58:07 [emerg] 1#1: host not found in upstream "fpm" in /etc/nginx/nginx.conf:51
2017/10/23 09:59:10 [emerg] 1#1: host not found in upstream "fpm" in /etc/nginx/nginx.conf:51
2017/10/23 10:00:13 [emerg] 1#1: host not found in upstream "fpm" in /etc/nginx/nginx.conf:51
2017/10/23 10:01:17 [emerg] 1#1: host not found in upstream "fpm" in /etc/nginx/nginx.conf:51
2017/10/23 10:02:20 [emerg] 1#1: host not found in upstream "fpm" in /etc/nginx/nginx.conf:51
2017/10/23 10:03:23 [emerg] 1#1: host not found in upstream "fpm" in /etc/nginx/nginx.conf:51
2017/10/23 10:04:26 [emerg] 1#1: host not found in upstream "fpm" in /etc/nginx/nginx.conf:51
2017/10/23 10:05:35 [emerg] 1#1: host not found in upstream "fpm" in /etc/nginx/nginx.conf:51
2017/10/23 20:33:20 [emerg] 1#1: directive "listen" is not terminated by ";" in /etc/nginx/nginx.conf:11
2017/10/23 20:33:28 [emerg] 1#1: directive "listen" is not terminated by ";" in /etc/nginx/nginx.conf:11
2017/10/23 20:33:32 [emerg] 1#1: directive "listen" is not terminated by ";" in /etc/nginx/nginx.conf:11
2017/10/23 20:33:36 [emerg] 1#1: directive "listen" is not terminated by ";" in /etc/nginx/nginx.conf:11
2017/10/23 20:33:40 [emerg] 1#1: directive "listen" is not terminated by ";" in /etc/nginx/nginx.conf:11
2017/10/23 20:33:44 [emerg] 1#1: directive "listen" is not terminated by ";" in /etc/nginx/nginx.conf:11
2017/10/23 20:33:49 [emerg] 1#1: directive "listen" is not terminated by ";" in /etc/nginx/nginx.conf:11
2017/10/23 20:33:57 [emerg] 1#1: directive "listen" is not terminated by ";" in /etc/nginx/nginx.conf:11
2017/10/23 20:34:11 [emerg] 1#1: directive "listen" is not terminated by ";" in /etc/nginx/nginx.conf:11
2017/10/23 20:34:34 [emerg] 1#1: directive "listen" is not terminated by ";" in /etc/nginx/nginx.conf:11
2017/10/23 20:34:39 [emerg] 1#1: directive "listen" is not terminated by ";" in /etc/nginx/nginx.conf:11
2017/10/23 20:34:42 [emerg] 1#1: directive "listen" is not terminated by ";" in /etc/nginx/nginx.conf:11
2017/10/23 20:34:47 [emerg] 1#1: directive "listen" is not terminated by ";" in /etc/nginx/nginx.conf:11
2017/10/23 20:34:50 [emerg] 1#1: directive "listen" is not terminated by ";" in /etc/nginx/nginx.conf:11
2017/10/23 20:34:54 [emerg] 1#1: directive "listen" is not terminated by ";" in /etc/nginx/nginx.conf:11
2017/10/23 20:34:59 [emerg] 1#1: directive "listen" is not terminated by ";" in /etc/nginx/nginx.conf:11
2017/10/23 20:35:07 [emerg] 1#1: directive "listen" is not terminated by ";" in /etc/nginx/nginx.conf:11
2017/10/23 20:35:21 [emerg] 1#1: directive "listen" is not terminated by ";" in /etc/nginx/nginx.conf:11
2017/10/23 20:35:43 [emerg] 1#1: directive "listen" is not terminated by ";" in /etc/nginx/nginx.conf:11
2017/10/23 20:35:48 [emerg] 1#1: directive "listen" is not terminated by ";" in /etc/nginx/nginx.conf:11
2017/10/23 20:35:52 [emerg] 1#1: directive "listen" is not terminated by ";" in /etc/nginx/nginx.conf:11
2017/10/23 20:35:56 [emerg] 1#1: directive "listen" is not terminated by ";" in /etc/nginx/nginx.conf:11
2017/10/23 20:36:01 [emerg] 1#1: directive "listen" is not terminated by ";" in /etc/nginx/nginx.conf:11
2017/10/23 20:36:06 [emerg] 1#1: directive "listen" is not terminated by ";" in /etc/nginx/nginx.conf:11
2017/10/23 20:36:11 [emerg] 1#1: directive "listen" is not terminated by ";" in /etc/nginx/nginx.conf:11
2017/10/23 20:36:19 [emerg] 1#1: directive "listen" is not terminated by ";" in /etc/nginx/nginx.conf:11
2017/10/23 20:36:34 [emerg] 1#1: directive "listen" is not terminated by ";" in /etc/nginx/nginx.conf:11
2017/10/23 20:37:05 [emerg] 1#1: directive "listen" is not terminated by ";" in /etc/nginx/nginx.conf:11
2017/10/23 20:37:57 [emerg] 1#1: directive "listen" is not terminated by ";" in /etc/nginx/nginx.conf:11
2017/10/23 20:38:59 [emerg] 1#1: directive "listen" is not terminated by ";" in /etc/nginx/nginx.conf:11
2017/10/23 20:40:00 [emerg] 1#1: directive "listen" is not terminated by ";" in /etc/nginx/nginx.conf:11
2017/10/23 20:41:06 [emerg] 1#1: directive "listen" is not terminated by ";" in /etc/nginx/nginx.conf:11
2017/10/23 20:42:07 [emerg] 1#1: directive "listen" is not terminated by ";" in /etc/nginx/nginx.conf:11
2017/10/23 20:43:08 [emerg] 1#1: directive "listen" is not terminated by ";" in /etc/nginx/nginx.conf:11
2017/10/23 20:44:10 [emerg] 1#1: directive "listen" is not terminated by ";" in /etc/nginx/nginx.conf:11
2017/10/23 20:45:14 [emerg] 1#1: directive "listen" is not terminated by ";" in /etc/nginx/nginx.conf:11
2017/10/23 20:46:15 [emerg] 1#1: directive "listen" is not terminated by ";" in /etc/nginx/nginx.conf:11
2017/10/23 20:47:17 [emerg] 1#1: directive "listen" is not terminated by ";" in /etc/nginx/nginx.conf:11
2017/10/23 20:48:19 [emerg] 1#1: directive "listen" is not terminated by ";" in /etc/nginx/nginx.conf:11
2017/10/23 20:49:21 [emerg] 1#1: directive "listen" is not terminated by ";" in /etc/nginx/nginx.conf:11
2017/10/23 20:50:22 [emerg] 1#1: directive "listen" is not terminated by ";" in /etc/nginx/nginx.conf:11
2017/10/23 20:51:24 [emerg] 1#1: directive "listen" is not terminated by ";" in /etc/nginx/nginx.conf:11
2017/10/23 20:52:26 [emerg] 1#1: directive "listen" is not terminated by ";" in /etc/nginx/nginx.conf:11
2017/10/23 20:53:28 [emerg] 1#1: directive "listen" is not terminated by ";" in /etc/nginx/nginx.conf:11
2017/10/23 20:54:32 [emerg] 1#1: directive "listen" is not terminated by ";" in /etc/nginx/nginx.conf:11
2017/10/23 20:55:33 [emerg] 1#1: directive "listen" is not terminated by ";" in /etc/nginx/nginx.conf:11
2017/10/23 20:56:34 [emerg] 1#1: directive "listen" is not terminated by ";" in /etc/nginx/nginx.conf:11
2017/10/23 20:57:36 [emerg] 1#1: directive "listen" is not terminated by ";" in /etc/nginx/nginx.conf:11
2017/10/23 20:58:37 [emerg] 1#1: directive "listen" is not terminated by ";" in /etc/nginx/nginx.conf:11
2017/10/23 20:59:39 [emerg] 1#1: directive "listen" is not terminated by ";" in /etc/nginx/nginx.conf:11
2017/10/23 21:00:41 [emerg] 1#1: directive "listen" is not terminated by ";" in /etc/nginx/nginx.conf:11
2017/10/23 21:01:42 [emerg] 1#1: directive "listen" is not terminated by ";" in /etc/nginx/nginx.conf:11
2017/10/23 21:02:44 [emerg] 1#1: directive "listen" is not terminated by ";" in /etc/nginx/nginx.conf:11
2017/10/23 21:03:46 [emerg] 1#1: directive "listen" is not terminated by ";" in /etc/nginx/nginx.conf:11
2017/10/23 21:04:47 [emerg] 1#1: directive "listen" is not terminated by ";" in /etc/nginx/nginx.conf:11
2017/10/23 21:05:49 [emerg] 1#1: directive "listen" is not terminated by ";" in /etc/nginx/nginx.conf:11
2017/10/23 21:06:51 [emerg] 1#1: directive "listen" is not terminated by ";" in /etc/nginx/nginx.conf:11
2017/10/23 21:07:54 [emerg] 1#1: directive "listen" is not terminated by ";" in /etc/nginx/nginx.conf:11
2017/10/23 21:08:55 [emerg] 1#1: directive "listen" is not terminated by ";" in /etc/nginx/nginx.conf:11
2017/10/23 21:09:57 [emerg] 1#1: directive "listen" is not terminated by ";" in /etc/nginx/nginx.conf:11
2017/10/23 21:10:59 [emerg] 1#1: directive "listen" is not terminated by ";" in /etc/nginx/nginx.conf:11
2017/10/23 21:12:01 [emerg] 1#1: directive "listen" is not terminated by ";" in /etc/nginx/nginx.conf:11
2017/10/23 21:13:03 [emerg] 1#1: directive "listen" is not terminated by ";" in /etc/nginx/nginx.conf:11
2017/10/23 21:14:04 [emerg] 1#1: directive "listen" is not terminated by ";" in /etc/nginx/nginx.conf:11
2017/10/23 21:15:06 [emerg] 1#1: directive "listen" is not terminated by ";" in /etc/nginx/nginx.conf:11
2017/10/23 21:16:07 [emerg] 1#1: directive "listen" is not terminated by ";" in /etc/nginx/nginx.conf:11
2017/10/23 21:17:09 [emerg] 1#1: directive "listen" is not terminated by ";" in /etc/nginx/nginx.conf:11
2017/10/23 21:18:11 [emerg] 1#1: directive "listen" is not terminated by ";" in /etc/nginx/nginx.conf:11
2017/10/23 21:19:12 [emerg] 1#1: directive "listen" is not terminated by ";" in /etc/nginx/nginx.conf:11
2017/10/23 21:20:14 [emerg] 1#1: directive "listen" is not terminated by ";" in /etc/nginx/nginx.conf:11
2017/10/23 21:21:16 [emerg] 1#1: directive "listen" is not terminated by ";" in /etc/nginx/nginx.conf:11
2017/10/23 21:22:18 [emerg] 1#1: directive "listen" is not terminated by ";" in /etc/nginx/nginx.conf:11
2017/10/23 21:23:19 [emerg] 1#1: directive "listen" is not terminated by ";" in /etc/nginx/nginx.conf:11
2017/10/23 21:24:21 [emerg] 1#1: directive "listen" is not terminated by ";" in /etc/nginx/nginx.conf:11
2017/10/23 21:25:24 [emerg] 1#1: directive "listen" is not terminated by ";" in /etc/nginx/nginx.conf:11
2017/10/23 21:26:27 [emerg] 1#1: directive "listen" is not terminated by ";" in /etc/nginx/nginx.conf:11
2017/10/23 21:27:28 [emerg] 1#1: directive "listen" is not terminated by ";" in /etc/nginx/nginx.conf:11
2017/10/23 21:28:29 [emerg] 1#1: directive "listen" is not terminated by ";" in /etc/nginx/nginx.conf:11
2017/10/23 21:29:32 [emerg] 1#1: directive "listen" is not terminated by ";" in /etc/nginx/nginx.conf:11
2017/10/23 21:30:35 [emerg] 1#1: directive "listen" is not terminated by ";" in /etc/nginx/nginx.conf:11
2017/10/23 21:31:38 [emerg] 1#1: directive "listen" is not terminated by ";" in /etc/nginx/nginx.conf:11
2017/10/23 21:32:40 [emerg] 1#1: directive "listen" is not terminated by ";" in /etc/nginx/nginx.conf:11
2017/10/23 21:33:41 [emerg] 1#1: directive "listen" is not terminated by ";" in /etc/nginx/nginx.conf:11
2017/10/23 21:34:44 [emerg] 1#1: directive "listen" is not terminated by ";" in /etc/nginx/nginx.conf:11
2017/10/23 21:35:46 [emerg] 1#1: directive "listen" is not terminated by ";" in /etc/nginx/nginx.conf:11
2017/10/23 21:36:48 [emerg] 1#1: directive "listen" is not terminated by ";" in /etc/nginx/nginx.conf:11
2017/10/23 21:37:49 [emerg] 1#1: directive "listen" is not terminated by ";" in /etc/nginx/nginx.conf:11
2017/10/23 21:38:52 [emerg] 1#1: directive "listen" is not terminated by ";" in /etc/nginx/nginx.conf:11
2017/10/23 21:39:54 [emerg] 1#1: directive "listen" is not terminated by ";" in /etc/nginx/nginx.conf:11
2017/10/23 21:41:12 [emerg] 1#1: directive "listen" is not terminated by ";" in /etc/nginx/nginx.conf:11
2017/10/23 21:42:17 [emerg] 1#1: directive "listen" is not terminated by ";" in /etc/nginx/nginx.conf:11
2017/10/23 21:43:18 [emerg] 1#1: directive "listen" is not terminated by ";" in /etc/nginx/nginx.conf:11
2017/10/23 21:44:21 [emerg] 1#1: directive "listen" is not terminated by ";" in /etc/nginx/nginx.conf:11
2017/10/23 21:45:23 [emerg] 1#1: directive "listen" is not terminated by ";" in /etc/nginx/nginx.conf:11
